{"chrome":{"70.0":{"control":{"passed":1670,"failed":34,"failingTests":[{"result":false,"name":"setImmediate passes the feature detect","stack":"AssertionError: false == true\n    at Function.ok (test?includePolyfills=no:16954:4)\n    at Context.<anonymous> (test?includePolyfills=no:17721:20)\n    at callFn (test?includePolyfills=no:4815:21)\n    at Test.Runnable.run (test?includePolyfills=no:4807:7)\n    at Runner.runTest (test?includePolyfills=no:5303:10)\n    at test?includePolyfills=no:5409:12\n    at next (test?includePolyfills=no:5221:14)\n    at test?includePolyfills=no:5231:7\n    at next (test?includePolyfills=no:5155:14)\n    at test?includePolyfills=no:5199:5","message":"false == true","failingSuite":"setImmediate"},{"result":false,"name":"setImmediate setImmediate is a function","stack":"ReferenceError: setImmediate is not defined\n    at Context.<anonymous> (test?includePolyfills=no:17732:23)\n    at callFn (test?includePolyfills=no:4815:21)\n    at Test.Runnable.run (test?includePolyfills=no:4807:7)\n    at Runner.runTest (test?includePolyfills=no:5303:10)\n    at test?includePolyfills=no:5409:12\n    at next (test?includePolyfills=no:5221:14)\n    at test?includePolyfills=no:5231:7\n    at next (test?includePolyfills=no:5155:14)\n    at test?includePolyfills=no:5199:5\n    at timeslice (test?includePolyfills=no:416:27)","message":"setImmediate is not defined","failingSuite":"setImmediate"},{"result":false,"name":"setImmediate setImmediate has correct arity","stack":"ReferenceError: setImmediate is not defined\n    at Context.<anonymous> (test?includePolyfills=no:17736:18)\n    at callFn (test?includePolyfills=no:4815:21)\n    at Test.Runnable.run (test?includePolyfills=no:4807:7)\n    at Runner.runTest (test?includePolyfills=no:5303:10)\n    at test?includePolyfills=no:5409:12\n    at next (test?includePolyfills=no:5221:14)\n    at test?includePolyfills=no:5231:7\n    at next (test?includePolyfills=no:5155:14)\n    at test?includePolyfills=no:5199:5\n    at timeslice (test?includePolyfills=no:416:27)","message":"setImmediate is not defined","failingSuite":"setImmediate"},{"result":false,"name":"setImmediate setImmediate has correct name","stack":"ReferenceError: setImmediate is not defined\n    at Context.<anonymous> (test?includePolyfills=no:17740:20)\n    at callFn (test?includePolyfills=no:4815:21)\n    at Test.Runnable.run (test?includePolyfills=no:4807:7)\n    at Runner.runTest (test?includePolyfills=no:5303:10)\n    at test?includePolyfills=no:5409:12\n    at next (test?includePolyfills=no:5221:14)\n    at test?includePolyfills=no:5231:7\n    at next (test?includePolyfills=no:5155:14)\n    at test?includePolyfills=no:5199:5\n    at timeslice (test?includePolyfills=no:416:27)","message":"setImmediate is not defined","failingSuite":"setImmediate"},{"result":false,"name":"setImmediate clearImmediate is a function","stack":"ReferenceError: clearImmediate is not defined\n    at Context.<anonymous> (test?includePolyfills=no:17746:23)\n    at callFn (test?includePolyfills=no:4815:21)\n    at Test.Runnable.run (test?includePolyfills=no:4807:7)\n    at Runner.runTest (test?includePolyfills=no:5303:10)\n    at test?includePolyfills=no:5409:12\n    at next (test?includePolyfills=no:5221:14)\n    at test?includePolyfills=no:5231:7\n    at next (test?includePolyfills=no:5155:14)\n    at test?includePolyfills=no:5199:5\n    at timeslice (test?includePolyfills=no:416:27)","message":"clearImmediate is not defined","failingSuite":"setImmediate"},{"result":false,"name":"setImmediate clearImmediate has correct arity","stack":"ReferenceError: clearImmediate is not defined\n    at Context.<anonymous> (test?includePolyfills=no:17750:18)\n    at callFn (test?includePolyfills=no:4815:21)\n    at Test.Runnable.run (test?includePolyfills=no:4807:7)\n    at Runner.runTest (test?includePolyfills=no:5303:10)\n    at test?includePolyfills=no:5409:12\n    at next (test?includePolyfills=no:5221:14)\n    at test?includePolyfills=no:5231:7\n    at next (test?includePolyfills=no:5155:14)\n    at test?includePolyfills=no:5199:5\n    at timeslice (test?includePolyfills=no:416:27)","message":"clearImmediate is not defined","failingSuite":"setImmediate"},{"result":false,"name":"setImmediate clearImmediate has correct name","stack":"ReferenceError: clearImmediate is not defined\n    at Context.<anonymous> (test?includePolyfills=no:17754:20)\n    at callFn (test?includePolyfills=no:4815:21)\n    at Test.Runnable.run (test?includePolyfills=no:4807:7)\n    at Runner.runTest (test?includePolyfills=no:5303:10)\n    at test?includePolyfills=no:5409:12\n    at next (test?includePolyfills=no:5221:14)\n    at test?includePolyfills=no:5231:7\n    at next (test?includePolyfills=no:5155:14)\n    at test?includePolyfills=no:5199:5\n    at timeslice (test?includePolyfills=no:416:27)","message":"clearImmediate is not defined","failingSuite":"setImmediate"},{"result":false,"name":"globalThis passes the feature detect","stack":"AssertionError: false == true\n    at Function.ok (test?includePolyfills=no:16954:4)\n    at Context.<anonymous> (test?includePolyfills=no:18268:20)\n    at callFn (test?includePolyfills=no:4815:21)\n    at Test.Runnable.run (test?includePolyfills=no:4807:7)\n    at Runner.runTest (test?includePolyfills=no:5303:10)\n    at test?includePolyfills=no:5409:12\n    at next (test?includePolyfills=no:5221:14)\n    at test?includePolyfills=no:5231:7\n    at next (test?includePolyfills=no:5155:14)\n    at test?includePolyfills=no:5199:5","message":"false == true","failingSuite":"globalThis"},{"result":false,"name":"globalThis globalThis is an object","stack":"ReferenceError: globalThis is not defined\n    at Context.<anonymous> (test?includePolyfills=no:18301:23)\n    at callFn (test?includePolyfills=no:4815:21)\n    at Test.Runnable.run (test?includePolyfills=no:4807:7)\n    at Runner.runTest (test?includePolyfills=no:5303:10)\n    at test?includePolyfills=no:5409:12\n    at next (test?includePolyfills=no:5221:14)\n    at test?includePolyfills=no:5231:7\n    at next (test?includePolyfills=no:5155:14)\n    at test?includePolyfills=no:5199:5\n    at timeslice (test?includePolyfills=no:416:27)","message":"globalThis is not defined","failingSuite":"globalThis"},{"result":false,"name":"globalThis globalThis is not enumerable","stack":"ReferenceError: globalThis is not defined\n    at Context.<anonymous> (test?includePolyfills=no:18305:30)\n    at callFn (test?includePolyfills=no:4815:21)\n    at Test.Runnable.run (test?includePolyfills=no:4807:7)\n    at Runner.runTest (test?includePolyfills=no:5303:10)\n    at test?includePolyfills=no:5409:12\n    at next (test?includePolyfills=no:5221:14)\n    at test?includePolyfills=no:5231:7\n    at next (test?includePolyfills=no:5155:14)\n    at test?includePolyfills=no:5199:5\n    at timeslice (test?includePolyfills=no:416:27)","message":"globalThis is not defined","failingSuite":"globalThis"},{"result":false,"name":"globalThis globalThis is not possible to invoke the global object as a function","stack":"ReferenceError: globalThis is not defined\n    at test?includePolyfills=no:18310:7\n    at functionThrows (test?includePolyfills=no:17560:4)\n    at Function.proclaim.throws (test?includePolyfills=no:17021:8)\n    at Context.<anonymous> (test?includePolyfills=no:18309:23)\n    at callFn (test?includePolyfills=no:4815:21)\n    at Test.Runnable.run (test?includePolyfills=no:4807:7)\n    at Runner.runTest (test?includePolyfills=no:5303:10)\n    at test?includePolyfills=no:5409:12\n    at next (test?includePolyfills=no:5221:14)\n    at test?includePolyfills=no:5231:7","message":"globalThis is not defined","failingSuite":"globalThis"},{"result":false,"name":"globalThis globalThis is not possible to use the global object as a constructor  with the new operator","stack":"ReferenceError: globalThis is not defined\n    at test?includePolyfills=no:18316:7\n    at functionThrows (test?includePolyfills=no:17560:4)\n    at Function.proclaim.throws (test?includePolyfills=no:17021:8)\n    at Context.<anonymous> (test?includePolyfills=no:18315:23)\n    at callFn (test?includePolyfills=no:4815:21)\n    at Test.Runnable.run (test?includePolyfills=no:4807:7)\n    at Runner.runTest (test?includePolyfills=no:5303:10)\n    at test?includePolyfills=no:5409:12\n    at next (test?includePolyfills=no:5221:14)\n    at test?includePolyfills=no:5231:7","message":"globalThis is not defined","failingSuite":"globalThis"},{"result":false,"name":"globalThis globalThis should be the global object","stack":"ReferenceError: globalThis is not defined\n    at Context.<anonymous> (test?includePolyfills=no:18321:30)\n    at callFn (test?includePolyfills=no:4815:21)\n    at Test.Runnable.run (test?includePolyfills=no:4807:7)\n    at Runner.runTest (test?includePolyfills=no:5303:10)\n    at test?includePolyfills=no:5409:12\n    at next (test?includePolyfills=no:5221:14)\n    at test?includePolyfills=no:5231:7\n    at next (test?includePolyfills=no:5155:14)\n    at test?includePolyfills=no:5199:5\n    at timeslice (test?includePolyfills=no:416:27)","message":"globalThis is not defined","failingSuite":"globalThis"},{"result":false,"name":"globalThis globalThis has correct descriptors defined","stack":"ReferenceError: globalThis is not defined\n    at Context.<anonymous> (test?includePolyfills=no:18346:11)\n    at callFn (test?includePolyfills=no:4815:21)\n    at Test.Runnable.run (test?includePolyfills=no:4807:7)\n    at Runner.runTest (test?includePolyfills=no:5303:10)\n    at test?includePolyfills=no:5409:12\n    at next (test?includePolyfills=no:5221:14)\n    at test?includePolyfills=no:5231:7\n    at next (test?includePolyfills=no:5155:14)\n    at test?includePolyfills=no:5199:5\n    at timeslice (test?includePolyfills=no:416:27)","message":"globalThis is not defined","failingSuite":"globalThis"},{"result":false,"name":"document.currentScript returns the current script element when invoked during synchronous evaluation","stack":"AssertionError:  include http://localhost:9876/base/polyfills/document/currentScript/tests.js\n    at Function.proclaim.include (test?includePolyfills=no:17191:4)\n    at Context.<anonymous> (test?includePolyfills=no:18505:11)\n    at callFn (test?includePolyfills=no:4815:21)\n    at Test.Runnable.run (test?includePolyfills=no:4807:7)\n    at Runner.runTest (test?includePolyfills=no:5303:10)\n    at test?includePolyfills=no:5409:12\n    at next (test?includePolyfills=no:5221:14)\n    at test?includePolyfills=no:5231:7\n    at next (test?includePolyfills=no:5155:14)\n    at test?includePolyfills=no:5199:5","message":" include http://localhost:9876/base/polyfills/document/currentScript/tests.js","failingSuite":"document.currentScript"},{"result":false,"name":"console.timelineEnd passes the feature detect","stack":"AssertionError: false == true\n    at Function.ok (test?includePolyfills=no:16954:4)\n    at Context.<anonymous> (test?includePolyfills=no:18570:20)\n    at callFn (test?includePolyfills=no:4815:21)\n    at Test.Runnable.run (test?includePolyfills=no:4807:7)\n    at Runner.runTest (test?includePolyfills=no:5303:10)\n    at test?includePolyfills=no:5409:12\n    at next (test?includePolyfills=no:5221:14)\n    at test?includePolyfills=no:5231:7\n    at next (test?includePolyfills=no:5155:14)\n    at test?includePolyfills=no:5199:5","message":"false == true","failingSuite":"console.timelineEnd"},{"result":false,"name":"console.timelineEnd console timelineEnd()","stack":"AssertionError: function () {\n\t\t\tconsole.timelineEnd();\n\t\t} !throws undefined\n    at Function.proclaim.doesNotThrow (test?includePolyfills=no:17040:4)\n    at Context.<anonymous> (test?includePolyfills=no:18582:12)\n    at callFn (test?includePolyfills=no:4815:21)\n    at Test.Runnable.run (test?includePolyfills=no:4807:7)\n    at Runner.runTest (test?includePolyfills=no:5303:10)\n    at test?includePolyfills=no:5409:12\n    at next (test?includePolyfills=no:5221:14)\n    at test?includePolyfills=no:5231:7\n    at next (test?includePolyfills=no:5155:14)\n    at test?includePolyfills=no:5199:5","message":"function () {\n\t\t\tconsole.timelineEnd();\n\t\t} !throws undefined","failingSuite":"console.timelineEnd"},{"result":false,"name":"console.timeline passes the feature detect","stack":"AssertionError: false == true\n    at Function.ok (test?includePolyfills=no:16954:4)\n    at Context.<anonymous> (test?includePolyfills=no:18592:20)\n    at callFn (test?includePolyfills=no:4815:21)\n    at Test.Runnable.run (test?includePolyfills=no:4807:7)\n    at Runner.runTest (test?includePolyfills=no:5303:10)\n    at test?includePolyfills=no:5409:12\n    at next (test?includePolyfills=no:5221:14)\n    at test?includePolyfills=no:5231:7\n    at next (test?includePolyfills=no:5155:14)\n    at test?includePolyfills=no:5199:5","message":"false == true","failingSuite":"console.timeline"},{"result":false,"name":"console.timeline console timeline()","stack":"AssertionError: function () {\n\t\t\tconsole.timeline();\n\t\t} !throws undefined\n    at Function.proclaim.doesNotThrow (test?includePolyfills=no:17040:4)\n    at Context.<anonymous> (test?includePolyfills=no:18604:12)\n    at callFn (test?includePolyfills=no:4815:21)\n    at Test.Runnable.run (test?includePolyfills=no:4807:7)\n    at Runner.runTest (test?includePolyfills=no:5303:10)\n    at test?includePolyfills=no:5409:12\n    at next (test?includePolyfills=no:5221:14)\n    at test?includePolyfills=no:5231:7\n    at next (test?includePolyfills=no:5155:14)\n    at test?includePolyfills=no:5199:5","message":"function () {\n\t\t\tconsole.timeline();\n\t\t} !throws undefined","failingSuite":"console.timeline"},{"result":false,"name":"console.markTimeline passes the feature detect","stack":"AssertionError: false == true\n    at Function.ok (test?includePolyfills=no:16954:4)\n    at Context.<anonymous> (test?includePolyfills=no:18703:20)\n    at callFn (test?includePolyfills=no:4815:21)\n    at Test.Runnable.run (test?includePolyfills=no:4807:7)\n    at Runner.runTest (test?includePolyfills=no:5303:10)\n    at test?includePolyfills=no:5409:12\n    at next (test?includePolyfills=no:5221:14)\n    at test?includePolyfills=no:5231:7\n    at next (test?includePolyfills=no:5155:14)\n    at test?includePolyfills=no:5199:5","message":"false == true","failingSuite":"console.markTimeline"},{"result":false,"name":"console.markTimeline console markTimeline()","stack":"AssertionError: function () {\n\t\t\tconsole.markTimeline();\n\t\t} !throws undefined\n    at Function.proclaim.doesNotThrow (test?includePolyfills=no:17040:4)\n    at Context.<anonymous> (test?includePolyfills=no:18715:12)\n    at callFn (test?includePolyfills=no:4815:21)\n    at Test.Runnable.run (test?includePolyfills=no:4807:7)\n    at Runner.runTest (test?includePolyfills=no:5303:10)\n    at test?includePolyfills=no:5409:12\n    at next (test?includePolyfills=no:5221:14)\n    at test?includePolyfills=no:5231:7\n    at next (test?includePolyfills=no:5155:14)\n    at test?includePolyfills=no:5199:5","message":"function () {\n\t\t\tconsole.markTimeline();\n\t\t} !throws undefined","failingSuite":"console.markTimeline"},{"result":false,"name":"console.exception passes the feature detect","stack":"AssertionError: false == true\n    at Function.ok (test?includePolyfills=no:16954:4)\n    at Context.<anonymous> (test?includePolyfills=no:18835:20)\n    at callFn (test?includePolyfills=no:4815:21)\n    at Test.Runnable.run (test?includePolyfills=no:4807:7)\n    at Runner.runTest (test?includePolyfills=no:5303:10)\n    at test?includePolyfills=no:5409:12\n    at next (test?includePolyfills=no:5221:14)\n    at test?includePolyfills=no:5231:7\n    at next (test?includePolyfills=no:5155:14)\n    at test?includePolyfills=no:5199:5","message":"false == true","failingSuite":"console.exception"},{"result":false,"name":"console.exception console exception()","stack":"AssertionError: function () {\n\t\t\tconsole.exception();\n\t\t} !throws undefined\n    at Function.proclaim.doesNotThrow (test?includePolyfills=no:17040:4)\n    at Context.<anonymous> (test?includePolyfills=no:18847:12)\n    at callFn (test?includePolyfills=no:4815:21)\n    at Test.Runnable.run (test?includePolyfills=no:4807:7)\n    at Runner.runTest (test?includePolyfills=no:5303:10)\n    at test?includePolyfills=no:5409:12\n    at next (test?includePolyfills=no:5221:14)\n    at test?includePolyfills=no:5231:7\n    at next (test?includePolyfills=no:5155:14)\n    at test?includePolyfills=no:5199:5","message":"function () {\n\t\t\tconsole.exception();\n\t\t} !throws undefined","failingSuite":"console.exception"},{"result":false,"name":"String.prototype.trim works as expected","stack":"AssertionError: removes all whitespaces\n    at Function.proclaim.strictEqual (test?includePolyfills=no:16980:4)\n    at Context.<anonymous> (test?includePolyfills=no:21209:11)\n    at callFn (test?includePolyfills=no:4815:21)\n    at Test.Runnable.run (test?includePolyfills=no:4807:7)\n    at Runner.runTest (test?includePolyfills=no:5303:10)\n    at test?includePolyfills=no:5409:12\n    at next (test?includePolyfills=no:5221:14)\n    at test?includePolyfills=no:5231:7\n    at next (test?includePolyfills=no:5155:14)\n    at test?includePolyfills=no:5199:5","message":"removes all whitespaces","failingSuite":"String.prototype.trim"},{"result":false,"name":"Object.fromEntries passes the feature detect","stack":"AssertionError: false == true\n    at Function.ok (test?includePolyfills=no:16954:4)\n    at Context.<anonymous> (test?includePolyfills=no:25813:20)\n    at callFn (test?includePolyfills=no:4815:21)\n    at Test.Runnable.run (test?includePolyfills=no:4807:7)\n    at Runner.runTest (test?includePolyfills=no:5303:10)\n    at test?includePolyfills=no:5409:12\n    at next (test?includePolyfills=no:5221:14)\n    at test?includePolyfills=no:5231:7\n    at next (test?includePolyfills=no:5155:14)\n    at test?includePolyfills=no:5199:5","message":"false == true","failingSuite":"Object.fromEntries"},{"result":false,"name":"Object.fromEntries is a function","stack":"AssertionError: undefined === function\n    at Function.proclaim.strictEqual (test?includePolyfills=no:16980:4)\n    at Function.proclaim.isTypeOf (test?includePolyfills=no:17046:12)\n    at Function.proclaim.isFunction (test?includePolyfills=no:17104:12)\n    at Context.<anonymous> (test?includePolyfills=no:25823:14)\n    at callFn (test?includePolyfills=no:4815:21)\n    at Test.Runnable.run (test?includePolyfills=no:4807:7)\n    at Runner.runTest (test?includePolyfills=no:5303:10)\n    at test?includePolyfills=no:5409:12\n    at next (test?includePolyfills=no:5221:14)\n    at test?includePolyfills=no:5231:7","message":"undefined === function","failingSuite":"Object.fromEntries"},{"result":false,"name":"Object.fromEntries has correct arity","stack":"AssertionError: undefined === function\n    at Function.proclaim.strictEqual (test?includePolyfills=no:16980:4)\n    at Function.proclaim.isTypeOf (test?includePolyfills=no:17046:12)\n    at Function.proclaim.isFunction (test?includePolyfills=no:17104:12)\n    at Function.proclaim.arity (test?includePolyfills=no:17252:12)\n    at Context.<anonymous> (test?includePolyfills=no:25827:14)\n    at callFn (test?includePolyfills=no:4815:21)\n    at Test.Runnable.run (test?includePolyfills=no:4807:7)\n    at Runner.runTest (test?includePolyfills=no:5303:10)\n    at test?includePolyfills=no:5409:12\n    at next (test?includePolyfills=no:5221:14)","message":"undefined === function","failingSuite":"Object.fromEntries"},{"result":false,"name":"Object.fromEntries has correct name","stack":"TypeError: Cannot read property 'name' of undefined\n    at Function.proclaim.hasName (test?includePolyfills=no:17243:28)\n    at Context.<anonymous> (test?includePolyfills=no:25831:14)\n    at callFn (test?includePolyfills=no:4815:21)\n    at Test.Runnable.run (test?includePolyfills=no:4807:7)\n    at Runner.runTest (test?includePolyfills=no:5303:10)\n    at test?includePolyfills=no:5409:12\n    at next (test?includePolyfills=no:5221:14)\n    at test?includePolyfills=no:5231:7\n    at next (test?includePolyfills=no:5155:14)\n    at test?includePolyfills=no:5199:5","message":"Cannot read property 'name' of undefined","failingSuite":"Object.fromEntries"},{"result":false,"name":"Object.fromEntries is not enumerable","stack":"TypeError: Cannot read property 'enumerable' of undefined\n    at Function.proclaim.isNotEnumerable (test?includePolyfills=no:17269:68)\n    at Context.<anonymous> (test?includePolyfills=no:25835:14)\n    at callFn (test?includePolyfills=no:4815:21)\n    at Test.Runnable.run (test?includePolyfills=no:4807:7)\n    at Runner.runTest (test?includePolyfills=no:5303:10)\n    at test?includePolyfills=no:5409:12\n    at next (test?includePolyfills=no:5221:14)\n    at test?includePolyfills=no:5231:7\n    at next (test?includePolyfills=no:5155:14)\n    at test?includePolyfills=no:5199:5","message":"Cannot read property 'enumerable' of undefined","failingSuite":"Object.fromEntries"},{"result":false,"name":"Function.prototype.name passes the feature detect","stack":"AssertionError: false == true\n    at Function.ok (test?includePolyfills=no:16954:4)\n    at Context.<anonymous> (test?includePolyfills=no:29993:20)\n    at callFn (test?includePolyfills=no:4815:21)\n    at Test.Runnable.run (test?includePolyfills=no:4807:7)\n    at Runner.runTest (test?includePolyfills=no:5303:10)\n    at test?includePolyfills=no:5409:12\n    at next (test?includePolyfills=no:5221:14)\n    at test?includePolyfills=no:5231:7\n    at next (test?includePolyfills=no:5155:14)\n    at test?includePolyfills=no:5199:5","message":"false == true","failingSuite":"Function.prototype.name"},{"result":false,"name":"Element.prototype.toggleAttribute passes the feature detect","stack":"AssertionError: false == true\n    at Function.ok (test?includePolyfills=no:16954:4)\n    at Context.<anonymous> (test?includePolyfills=no:30378:20)\n    at callFn (test?includePolyfills=no:4815:21)\n    at Test.Runnable.run (test?includePolyfills=no:4807:7)\n    at Runner.runTest (test?includePolyfills=no:5303:10)\n    at test?includePolyfills=no:5409:12\n    at next (test?includePolyfills=no:5221:14)\n    at test?includePolyfills=no:5231:7\n    at next (test?includePolyfills=no:5155:14)\n    at test?includePolyfills=no:5199:5","message":"false == true","failingSuite":"Element.prototype.toggleAttribute"},{"result":false,"name":"Element.prototype.inert passes the feature detect","stack":"AssertionError: false == true\n    at Function.ok (test?includePolyfills=no:16954:4)\n    at Context.<anonymous> (test?includePolyfills=no:30693:20)\n    at callFn (test?includePolyfills=no:4815:21)\n    at Test.Runnable.run (test?includePolyfills=no:4807:7)\n    at Runner.runTest (test?includePolyfills=no:5303:10)\n    at test?includePolyfills=no:5409:12\n    at next (test?includePolyfills=no:5221:14)\n    at test?includePolyfills=no:5231:7\n    at next (test?includePolyfills=no:5155:14)\n    at test?includePolyfills=no:5199:5","message":"false == true","failingSuite":"Element.prototype.inert"},{"result":false,"name":"Element.prototype.inert inert get","stack":"AssertionError: undefined == true\n    at Function.proclaim.equal (test?includePolyfills=no:16963:4)\n    at Context.<anonymous> (test?includePolyfills=no:30718:12)\n    at callFn (test?includePolyfills=no:4815:21)\n    at Test.Runnable.run (test?includePolyfills=no:4807:7)\n    at Runner.runTest (test?includePolyfills=no:5303:10)\n    at test?includePolyfills=no:5409:12\n    at next (test?includePolyfills=no:5221:14)\n    at test?includePolyfills=no:5231:7\n    at next (test?includePolyfills=no:5155:14)\n    at test?includePolyfills=no:5194:7","message":"undefined == true","failingSuite":"Element.prototype.inert"},{"result":false,"name":"Element.prototype.inert inert set","stack":"AssertionError: expected attribute access `inert` to be `null` but was \n    at Function.proclaim.equal (test?includePolyfills=no:16963:4)\n    at test?includePolyfills=no:30733:14","message":"expected attribute access `inert` to be `null` but was ","failingSuite":"Element.prototype.inert"}],"failingSuites":["Function.prototype.name","Element.prototype.inert","setImmediate","String.prototype.trim","console.timeline","console.exception","document.currentScript","globalThis","Element.prototype.toggleAttribute","console.markTimeline","Object.fromEntries","console.timelineEnd"],"testedSuites":["smoothscroll","smoothscroll","smoothscroll","smoothscroll","setImmediate","setImmediate","setImmediate","screen.orientation","requestIdleCallback","requestIdleCallback","requestIdleCallback","requestIdleCallback","requestAnimationFrame","matchMedia","location.origin","globalThis","globalThis","document.visibilityState","document.querySelector","document.getElementsByClassName","document.currentScript","console.warn","console.warn","console.trace","console.trace","console.timelineEnd","console.timelineEnd","console.timeline","console.timeline","console.timeStamp","console.timeStamp","console.timeEnd","console.timeEnd","console.time","console.time","console.table","console.table","console.markTimeline","console.markTimeline","console.log","console.log","console.info","console.info","console.groupEnd","console.groupEnd","console.groupCollapsed","console.groupCollapsed","console.group","console.group","console.exception","console.exception","console.error","console.error","console.dirxml","console.dirxml","console.dir","console.dir","console.debug","console.debug","console.count","console.count","console.assert","console.assert","console","console","atob","XMLHttpRequest","WeakSet","WeakMap","UserTiming","UserTiming","UserTiming","UserTiming","UserTiming","UserTiming","UserTiming","UserTiming","UserTiming","UserTiming","URL","Symbol.unscopables","Symbol.toStringTag","Symbol.toPrimitive","Symbol.split","Symbol.species","Symbol.search","Symbol.replace","Symbol.prototype.description","Symbol.match","Symbol.iterator","Symbol.isConcatSpreadable","Symbol.hasInstance","Symbol.asyncIterator","Symbol","String.raw","String.prototype.trim","String.prototype.sup","String.prototype.sub","String.prototype.strike","String.prototype.startsWith","String.prototype.small","String.prototype.repeat","String.prototype.padStart","String.prototype.padEnd","String.prototype.normalize","String.prototype.link","String.prototype.italics","String.prototype.includes","String.prototype.fontsize","String.prototype.fontcolor","String.prototype.fixed","String.prototype.endsWith","String.prototype.codePointAt","String.prototype.codePointAt","String.prototype.bold","String.prototype.blink","String.prototype.big","String.prototype.anchor","String.prototype.@@iterator","String.fromCodePoint","Set","Set","RegExp.prototype.flags","Reflect.setPrototypeOf","Reflect.set","Reflect.preventExtensions","Reflect.ownKeys","Reflect.isExtensible","Reflect.has","Reflect.getPrototypeOf","Reflect.getOwnPropertyDescriptor","Reflect.getOwnPropertyDescriptor","Reflect.get","Reflect.deleteProperty","Reflect.defineProperty","Reflect.construct","Reflect.apply","Reflect","Promise.prototype.finally","Promise.prototype.finally","Promise.prototype.finally","Promise.prototype.finally","Promise.prototype.finally","Promise.prototype.finally","Promise.prototype.finally","Promise.prototype.finally","Promise.prototype.finally","Promise.prototype.finally","Promise.prototype.finally","Promise","Promise","Promise","Promise","Promise","Promise","Promise","Object.values","Object.setPrototypeOf","Object.seal","Object.preventExtensions","Object.keys","Object.isSealed","Object.isFrozen","Object.isExtensible","Object.is","Object.getPrototypeOf","Object.getOwnPropertyNames","Object.getOwnPropertyDescriptors","Object.getOwnPropertyDescriptor","Object.getOwnPropertyDescriptor","Object.fromEntries","Object.freeze","Object.entries","Object.defineProperty","Object.defineProperty","Object.defineProperty","Object.defineProperties","Object.create","Object.assign","Number.parseInt","Number.parseFloat","Number.isSafeInteger","Number.isNaN","Number.isInteger","Number.isFinite","Number.MIN_SAFE_INTEGER","Number.MAX_SAFE_INTEGER","Number.Epsilon","NodeList.prototype.forEach","NodeList.prototype.@@iterator","Node.prototype.contains","Node.prototype.contains","Node.prototype.contains","Math.trunc","Math.tanh","Math.sinh","Math.sign","Math.log2","Math.log1p","Math.log10","Math.imul","Math.hypot","Math.expm1","Math.cosh","Math.clz32","Math.cbrt","Math.atanh","Math.asinh","Math.acosh","Map","Map","Map","Map","Map","IntersectionObserverEntry","IntersectionObserverEntry","HTMLTemplateElement","HTMLTemplateElement","HTMLTemplateElement","HTMLCanvasElement.prototype.toBlob","Function.prototype.name","Function.prototype.bind","Event.hashchange","Event.focusin","Event.focusin","Event","Element.prototype.toggleAttribute","Element.prototype.toggleAttribute","Element.prototype.toggleAttribute","Element.prototype.toggleAttribute","Element.prototype.toggleAttribute","Element.prototype.toggleAttribute","Element.prototype.toggleAttribute","Element.prototype.toggleAttribute","Element.prototype.toggleAttribute","Element.prototype.toggleAttribute","Element.prototype.replaceWith","Element.prototype.remove","Element.prototype.prepend","Element.prototype.matches","Element.prototype.inert","Element.prototype.inert","Element.prototype.dataset","Element.prototype.dataset","Element.prototype.closest","Element.prototype.cloneNode","Element.prototype.classList","Element.prototype.before","Element.prototype.append","Element.prototype.after","DocumentFragment.prototype.prepend","DocumentFragment.prototype.append","DocumentFragment","Date.prototype.toISOString","DOMTokenList.prototype.@@iterator","DOMRect","DOMRect","DOMRect","DOMRect","CustomEvent","Blob","Blob","Array.prototype.values","Array.prototype.some","Array.prototype.reduceRight","Array.prototype.reduce","Array.prototype.map","Array.prototype.lastIndexOf","Array.prototype.keys","Array.prototype.indexOf","Array.prototype.includes","Array.prototype.forEach","Array.prototype.forEach","Array.prototype.flatMap","Array.prototype.flat","Array.prototype.findIndex","Array.prototype.findIndex","Array.prototype.findIndex","Array.prototype.find","Array.prototype.find","Array.prototype.find","Array.prototype.filter","Array.prototype.fill","Array.prototype.every","Array.prototype.every","Array.prototype.every","Array.prototype.entries","Array.prototype.copyWithin","Array.prototype.@@iterator","Array.of","Array.of","Array.isArray","Array.isArray","Array.isArray","Array.from","Array.from","Array.from","Array.from","AbortController","AbortController","AbortController"]}}}}
